Ipopt 3.14.19: 

******************************************************************************
This program contains Ipopt, a library for large-scale nonlinear optimization.
 Ipopt is released as open source code under the Eclipse Public License (EPL).
         For more information visit https://github.com/coin-or/Ipopt
******************************************************************************

This is Ipopt version 3.14.19, running with linear solver MUMPS 5.8.2.

Number of nonzeros in equality constraint Jacobian...:     3557
Number of nonzeros in inequality constraint Jacobian.:       97
Number of nonzeros in Lagrangian Hessian.............:     1749

Total number of variables............................:     1777
                     variables with only lower bounds:        0
                variables with lower and upper bounds:      586
                     variables with only upper bounds:        0
Total number of equality constraints.................:     1168
Total number of inequality constraints...............:       74
        inequality constraints with only lower bounds:       23
   inequality constraints with lower and upper bounds:        0
        inequality constraints with only upper bounds:       51

iter    objective    inf_pr   inf_du lg(mu)  ||d||  lg(rg) alpha_du alpha_pr  ls
   0  0.0000000e+00 4.88e+03 6.00e+00  -1.0 0.00e+00    -  0.00e+00 0.00e+00   0
   1  2.2813130e-04 4.88e+03 5.99e+00  -1.0 2.54e+02  -2.5 1.05e-03 1.28e-03h  1
   2  2.6346210e-04 4.88e+03 6.97e+01  -1.0 1.47e+02   2.9 5.06e-04 1.26e-05h  1
   3r 2.6346210e-04 4.88e+03 9.99e+02   3.5 0.00e+00   6.0 0.00e+00 7.02e-08R  2
   4r 2.9928270e-04 4.69e+03 9.99e+02   3.5 3.63e+06    -  1.15e-06 4.27e-05f  1
   5r 3.2201990e-04 4.60e+03 9.99e+02   1.4 2.89e+06    -  2.01e-05 2.20e-05f  1
   6r 3.0155086e-03 4.21e+03 9.99e+02   1.4 2.85e+06    -  4.49e-05 1.01e-04f  1
   7  3.6957673e-03 4.21e+03 4.15e+04  -1.0 1.43e+02   6.9 2.74e-02 3.84e-05h  1
   8r 3.6957673e-03 4.21e+03 9.99e+02   3.5 0.00e+00   9.5 0.00e+00 1.93e-07R  2
   9r 5.3581423e-03 3.21e+03 9.99e+02   3.5 2.68e+06    -  1.43e-04 2.82e-04f  1
iter    objective    inf_pr   inf_du lg(mu)  ||d||  lg(rg) alpha_du alpha_pr  ls
  10  5.4348034e-03 3.21e+03 3.96e+06  -1.0 3.22e+01   9.5 9.83e-02 4.03e-05h  1
  11r 5.4348034e-03 3.21e+03 1.00e+03   3.4 0.00e+00   8.5 0.00e+00 2.14e-07R  2
  12r 1.2560827e-02 2.37e+03 1.01e+03   3.4 2.11e+06    -  2.37e-04 7.17e-04f  1
  13  1.5076773e-02 2.37e+03 3.83e+05  -1.0 1.30e+02   7.6 8.09e-03 7.83e-05h  1
  14r 1.5076773e-02 2.37e+03 9.99e+02   3.2 0.00e+00   9.8 0.00e+00 4.13e-07R  2
  15r 2.0976238e-02 2.20e+03 9.99e+02   3.2 6.21e+05    -  4.59e-05 3.40e-04f  1
  16r 2.9896135e-02 1.92e+03 9.98e+02   1.1 4.94e+05    -  1.12e-03 4.08e-04f  1
  17  3.0178512e-02 1.92e+03 8.47e+07  -1.0 1.50e+01  10.2 1.63e-01 3.29e-04h  1
  18r 3.0178512e-02 1.92e+03 9.99e+02   3.1 0.00e+00  10.7 0.00e+00 4.50e-07R  4
  19r 4.7250894e-02 1.47e+03 1.04e+03   3.1 5.77e+05    -  1.92e-03 5.82e-04f  1
iter    objective    inf_pr   inf_du lg(mu)  ||d||  lg(rg) alpha_du alpha_pr  ls
  20  4.7342088e-02 1.47e+03 1.53e+07  -1.0 1.31e+01  10.2 1.73e-01 7.67e-05h  1
  21r 4.7342088e-02 1.47e+03 9.99e+02   3.0 0.00e+00   9.2 0.00e+00 3.43e-07R  2
  22r 6.7114784e-02 1.30e+03 9.99e+02   3.0 2.67e+05    -  1.71e-04 4.70e-04f  1
  23  6.7670373e-02 1.30e+03 1.73e+06  -1.0 2.46e+01   9.2 1.77e-01 4.68e-05h  1
  24r 6.7670373e-02 1.30e+03 9.99e+02   3.0 0.00e+00   8.7 0.00e+00 3.29e-07R  2
  25r 7.4145001e-02 1.25e+03 1.01e+03   3.0 2.77e+05    -  3.59e-04 1.28e-04f  1
  26r 1.0379394e-01 1.09e+03 1.00e+03   0.9 2.29e+05    -  2.63e-04 5.04e-04f  1
  27  1.0389259e-01 1.09e+03 6.01e+05  -1.0 1.16e+01   9.6 1.33e-01 1.45e-05h  1
  28r 1.0389259e-01 1.09e+03 1.00e+03   2.9 0.00e+00   8.6 0.00e+00 8.34e-08R  2
  29r 2.4764145e-01 4.90e+02 9.98e+02   2.9 2.75e+05    -  9.97e-04 1.65e-03f  1
iter    objective    inf_pr   inf_du lg(mu)  ||d||  lg(rg) alpha_du alpha_pr  ls
  30  2.6707145e-01 4.90e+02 7.41e+06  -1.0 6.67e+01   8.5 1.53e-01 3.15e-04h  1
  31r 2.6707145e-01 4.90e+02 9.99e+02   2.5 0.00e+00   7.6 0.00e+00 3.97e-07R  4
  32r 3.8458996e-01 3.27e+02 9.98e+02   2.5 1.94e+05    -  1.59e-03 6.12e-04f  1
  33  4.1234972e-01 3.27e+02 2.96e+05  -1.0 1.41e+02   7.1 2.22e-01 1.61e-04h  1
  34r 4.1234972e-01 3.27e+02 1.00e+03   2.4 0.00e+00   7.1 0.00e+00 3.99e-07R  4
  35r 8.3465419e-01 2.55e+02 1.00e+03   2.4 1.51e+05    -  2.15e-03 1.33e-03f  1
  36r 1.0413460e+00 2.55e+02 9.98e+02   1.0 1.18e+04    -  9.53e-03 5.17e-04f  1
  37r 1.0852637e+02 2.48e+02 9.86e+02   1.0 3.48e+03    -  4.66e-02 1.13e-02f  1
  38r 2.6581930e+03 2.20e+02 9.40e+02   1.0 7.10e+02    -  1.44e-02 5.36e-02f  1
  39  3.0702894e+03 2.12e+02 6.16e+06  -1.0 1.26e+02   6.1 5.09e-01 3.79e-02h  1
iter    objective    inf_pr   inf_du lg(mu)  ||d||  lg(rg) alpha_du alpha_pr  ls
  40  3.0747496e+03 2.12e+02 6.33e+06  -1.0 1.21e+02   6.5 8.57e-01 4.01e-04h  1
  41  3.2096952e+03 2.09e+02 9.07e+08  -1.0 1.22e+02   6.1 6.59e-01 1.17e-02h  1
  42  3.2099613e+03 2.09e+02 9.07e+08  -1.0 8.23e+00   9.6 1.00e+00 3.70e-04h  1
  43  3.2182256e+03 2.09e+02 3.11e+09  -1.0 9.17e+00   9.6 1.00e+00 1.03e-02h  1
  44  3.3498421e+03 2.06e+02 5.90e+09  -1.0 2.38e+01   9.1 1.00e+00 6.13e-02h  1
  45  3.8145618e+03 1.97e+02 7.00e+09  -1.0 2.70e+01   9.0 1.00e+00 1.76e-01h  1
  46  3.8167866e+03 1.97e+02 1.07e+10  -1.0 5.15e+00   9.9 1.00e+00 4.20e-03h  1
  47  3.8168001e+03 1.97e+02 2.68e+10  -1.0 2.53e-01  11.2 1.00e+00 5.20e-04h  1
  48  3.8305974e+03 1.97e+02 1.57e+10  -1.0 7.55e-01  10.7 1.00e+00 1.78e-01h  1
  49  3.8308037e+03 1.97e+02 1.34e+10  -1.0 2.56e+00  10.3 1.00e+00 7.81e-04h  1
iter    objective    inf_pr   inf_du lg(mu)  ||d||  lg(rg) alpha_du alpha_pr  ls
  50  3.8531555e+03 1.96e+02 1.43e+10  -1.0 7.42e+00   9.8 1.00e+00 2.91e-02h  1
  51  3.8535272e+03 1.96e+02 2.17e+10  -1.0 3.73e-01  11.1 1.00e+00 9.63e-03h  1
  52  3.8657847e+03 1.96e+02 1.58e+10  -1.0 3.31e+00  10.2 1.00e+00 3.57e-02h  1
  53  3.9502539e+03 1.95e+02 1.67e+10  -1.0 2.58e+01   9.2 1.00e+00 3.10e-02h  1
  54  3.9720678e+03 1.94e+02 1.72e+10  -1.0 1.10e+01   9.6 1.00e+00 1.87e-02h  1
  55  4.1373865e+03 1.91e+02 1.85e+10  -1.0 2.91e+01   9.2 1.00e+00 5.23e-02h  1
  56  4.2087989e+03 1.90e+02 2.01e+10  -1.0 1.25e+01   9.6 1.00e+00 5.14e-02h  1
  57  4.7810899e+03 1.81e+02 2.34e+10  -1.0 3.33e+01   9.1 1.00e+00 1.46e-01h  1
  58  5.4472942e+03 1.71e+02 3.28e+10  -1.0 1.48e+01   9.5 1.00e+00 3.48e-01h  1
  59  7.4029419e+03 1.47e+02 3.77e+10  -1.0 4.30e+01   9.1 2.51e-01 2.99e-01h  1
iter    objective    inf_pr   inf_du lg(mu)  ||d||  lg(rg) alpha_du alpha_pr  ls
  60  7.4247444e+03 1.47e+02 3.78e+10  -1.0 1.89e+01   9.5 1.87e-02 6.89e-03h  1
  61  7.4249652e+03 1.47e+02 3.78e+10  -1.0 2.11e+01   9.4 2.08e-02 6.26e-05h  1
  62  7.4282764e+03 1.47e+02 3.78e+10  -1.0 5.22e+01   9.0 6.96e-01 3.76e-04h  1
  63  8.3825196e+03 1.37e+02 4.22e+10  -1.0 2.34e+01   9.4 1.84e-02 2.34e-01h  1
  64  8.3837559e+03 1.37e+02 4.23e+10  -1.0 1.29e+00  10.7 1.00e+00 5.33e-03h  1
  65r 8.3837559e+03 1.37e+02 1.00e+03   2.1 0.00e+00   9.8 0.00e+00 3.09e-07R  8
  66r 4.5167484e+04 2.67e+01 1.06e+04   2.1 1.00e+05    -  8.11e-02 1.35e-03f  1
  67  4.5167596e+04 2.67e+01 2.12e+06  -1.0 8.60e-01   9.7 8.75e-01 4.87e-04h  1
  68r 4.5167596e+04 2.67e+01 1.00e+03   1.4 0.00e+00   9.2 0.00e+00 4.71e-07R  4
  69r 5.3838699e+04 6.41e+00 1.16e+03   1.4 2.53e+04    -  2.74e-02 1.05e-03f  1
iter    objective    inf_pr   inf_du lg(mu)  ||d||  lg(rg) alpha_du alpha_pr  ls
  70  5.3838724e+04 6.41e+00 2.81e+04  -1.0 1.27e+00   8.8 7.56e-01 3.94e-05h  1
  71  5.3838749e+04 6.41e+00 1.16e+09  -1.0 2.31e+00   8.3 9.88e-01 1.82e-05h  1
  72  5.3840712e+04 6.41e+00 1.17e+09  -1.0 4.13e+00   8.7 1.33e-03 7.37e-04h  1
  73  5.3857024e+04 6.37e+00 1.17e+09  -1.0 3.33e+00   7.7 2.52e-03 7.93e-03h  1
  74  5.3870956e+04 6.33e+00 1.16e+09  -1.0 4.00e+00   6.8 4.58e-03 5.42e-03h  1
  75  5.3878848e+04 6.31e+00 1.15e+09  -1.0 3.99e+00   6.7 1.23e-02 3.07e-03h  1
  76  5.3888947e+04 6.29e+00 1.12e+09  -1.0 3.48e+00   7.6 2.98e-02 4.63e-03h  1
  77  5.3944537e+04 6.15e+00 1.07e+09  -1.0 3.53e+00   7.5 4.81e-02 2.50e-02h  1
  78  5.3998230e+04 6.01e+00 9.96e+08  -1.0 3.51e+00   7.5 8.32e-02 2.41e-02h  1
  79  5.4096124e+04 5.77e+00 8.81e+08  -1.0 3.49e+00   7.4 1.31e-01 4.39e-02h  1
iter    objective    inf_pr   inf_du lg(mu)  ||d||  lg(rg) alpha_du alpha_pr  ls
  80  5.4097269e+04 5.77e+00 6.50e+08  -1.0 3.41e+00   7.4 3.15e-01 5.23e-04h  1
  81  5.4172922e+04 5.59e+00 5.55e+08  -1.0 3.65e+00   6.9 1.51e-01 3.19e-02h  1
  82  5.4714426e+04 4.31e+00 4.40e+08  -1.0 3.55e+00   6.9 2.06e-01 2.31e-01h  1
  83  5.4735347e+04 4.24e+00 5.71e+08  -1.0 1.07e+00   8.6 2.72e-01 3.51e-02h  1
  84  5.4950014e+04 3.57e+00 3.92e+08  -1.0 1.15e+00   8.6 3.45e-01 3.26e-01h  1
  85  5.4951989e+04 3.57e+00 3.72e+08  -1.0 1.97e+00   8.1 9.77e-02 1.52e-03h  1
  86  5.4953031e+04 3.57e+00 1.58e+08  -1.0 2.86e+00   7.1 3.48e-01 5.21e-04h  1
  87  5.5106525e+04 3.24e+00 2.48e+08  -1.0 2.88e+00   7.1 1.00e+00 7.61e-02h  1
  88  5.5108399e+04 3.24e+00 2.54e+08  -1.0 2.65e+00   7.0 3.69e-01 1.01e-03h  1
  89  5.5108659e+04 3.24e+00 1.89e+09  -1.0 4.90e-02  10.2 1.00e+00 1.09e-02h  1
iter    objective    inf_pr   inf_du lg(mu)  ||d||  lg(rg) alpha_du alpha_pr  ls
  90  5.5114880e+04 3.21e+00 1.33e+09  -1.0 1.40e-01   9.7 1.00e+00 8.80e-02h  1
  91  5.5620297e+04 1.74e+00 9.23e+08  -1.0 9.07e-01   8.7 1.01e-01 9.29e-01h  1
  92  5.6612816e+04 1.92e-01 7.00e+08  -1.0 2.69e+00   7.8 3.41e-01 5.05e-01h  1
  93  5.6623765e+04 1.82e-01 3.43e+08  -2.5 6.35e-01   7.3 5.75e-01 2.36e-02h  1
  94  5.6623795e+04 1.82e-01 6.19e+08  -2.5 5.68e-01   7.7 8.08e-01 7.31e-05h  1
  95  5.6624498e+04 1.81e-01 6.24e+08  -2.5 6.10e-01   7.3 4.53e-02 1.58e-03h  1
  96  5.6624579e+04 1.81e-01 5.83e+08  -2.5 1.50e-03  11.3 1.00e+00 7.27e-02h  1
  97  5.6627793e+04 1.74e-01 2.90e+08  -2.5 4.49e-03  10.8 7.20e-02 9.64e-01h  1
  98  5.6633629e+04 1.69e-01 2.98e+08  -2.5 1.41e-02  10.3 1.18e-01 5.63e-01h  1
  99  5.6661754e+04 1.58e-01 2.85e+08  -2.5 1.09e-01   9.4 8.93e-01 3.53e-01h  1
iter    objective    inf_pr   inf_du lg(mu)  ||d||  lg(rg) alpha_du alpha_pr  ls
 100  5.6665382e+04 1.58e-01 2.83e+08  -2.5 2.20e-01   8.9 3.50e-02 2.27e-02h  1
 101  5.6665393e+04 1.58e-01 2.83e+08  -2.5 1.06e-01   9.3 5.04e-05 1.39e-04h  1
 102  5.6665393e+04 1.58e-01 3.39e+08  -2.5 2.33e-01   8.9 8.88e-01 1.41e-06h  3
 103  5.6666101e+04 1.58e-01 3.80e+08  -2.5 3.95e-01   8.4 1.44e-01 2.53e-03h  1
 104  5.6681967e+04 1.56e-01 3.44e+08  -2.5 5.60e-01   7.9 5.98e-04 4.43e-02h  1
 105  5.6681987e+04 1.56e-01 4.59e+08  -2.5 6.10e-01   7.4 2.20e-01 5.53e-05h  1
 106  5.6682350e+04 1.56e-01 4.58e+08  -2.5 6.43e-01   6.9 7.37e-04 9.57e-04h  1
 107  5.6682360e+04 1.56e-01 4.58e+08  -2.5 6.14e-01   7.4 4.95e-06 2.74e-05f  7
 108  5.6682863e+04 1.56e-01 4.57e+08  -2.5 5.49e-01   7.8 8.11e-05 1.48e-03h  1
 109  5.6705672e+04 1.51e-01 4.04e+08  -2.5 5.58e-01   7.7 3.14e-03 6.64e-02h  1
iter    objective    inf_pr   inf_du lg(mu)  ||d||  lg(rg) alpha_du alpha_pr  ls
 110  5.6705820e+04 1.51e-01 4.05e+08  -2.5 5.11e-01   7.7 3.52e-03 4.85e-04h  1
 111  5.6708996e+04 1.50e-01 3.96e+08  -2.5 5.63e-01   7.2 1.06e-05 9.80e-03h  1
 112  5.6709650e+04 1.49e-01 3.96e+08  -2.5 5.10e-01   7.6 2.18e-03 2.18e-03s 17
 113  5.6724473e+04 1.60e-01 3.76e+08  -2.5 5.15e-01   7.6 4.90e-02 4.90e-02s 17
 114  5.6730617e+04 1.66e-01 3.68e+08  -2.5 5.12e-01   7.1 2.14e-02 2.14e-02s 17
 115r 5.6730617e+04 1.66e-01 1.00e+03  -0.8 0.00e+00   7.5 0.00e+00 0.00e+00R  1
 116r 5.6607404e+04 8.10e-02 5.22e+04  -0.8 1.91e+02    -  2.07e-02 9.91e-04f  1
 117r 5.6607404e+04 8.10e-02 9.99e+02  -1.1 0.00e+00   7.1 0.00e+00 4.85e-07R  3
 118r 5.6570157e+04 8.63e-02 9.98e+02  -1.1 5.30e+01    -  2.00e-04 1.04e-03f  1
 119r 5.6539622e+04 9.17e-02 1.18e+03  -1.1 2.57e+01    -  2.81e-04 1.68e-03f  1
iter    objective    inf_pr   inf_du lg(mu)  ||d||  lg(rg) alpha_du alpha_pr  ls
 120r 5.6524664e+04 9.54e-02 1.51e+03  -1.1 1.12e+01    -  1.67e-03 2.44e-03f  1
 121r 5.6519460e+04 9.69e-02 2.48e+03  -1.1 3.53e+00    -  1.52e-03 4.45e-03f  1
 122r 5.6517981e+04 9.60e-02 3.49e+03  -1.1 8.47e-01    -  2.03e-03 5.85e-03f  1
 123r 5.6517354e+04 8.44e-02 5.64e+03  -1.1 1.20e+00    -  1.26e-03 1.12e-02f  1
 124r 5.6517452e+04 1.29e-03 7.44e+03  -1.1 6.56e+00    -  2.45e-03 1.28e-02f  1
 125  5.6517442e+04 1.18e-03 5.80e+03  -2.5 1.07e-03   6.1 9.97e-01 8.44e-02h  1
 126  5.6517442e+04 1.18e-03 1.13e+05  -2.5 7.16e-04   7.9 1.00e+00 4.21e-04h  1
 127  5.6517439e+04 1.10e-03 3.48e+05  -2.5 7.27e-04   7.8 1.00e+00 6.82e-02h  1
 128  5.6517434e+04 9.87e-04 2.67e+05  -2.5 7.57e-04   7.3 1.00e+00 9.96e-02h  1
 129  5.6517402e+04 8.27e-04 5.66e+04  -2.5 6.37e-04   7.8 1.00e+00 8.38e-01h  1
iter    objective    inf_pr   inf_du lg(mu)  ||d||  lg(rg) alpha_du alpha_pr  ls
 130  5.6517402e+04 8.27e-04 3.72e+05  -2.5 4.73e-06  10.9 1.00e+00 1.00e+00h  1
 131  5.6517400e+04 8.21e-04 2.50e+05  -2.5 2.86e-05   9.9 1.00e+00 1.00e+00h  1
 132  5.6517390e+04 7.96e-04 1.69e+05  -2.5 1.74e-04   9.0 1.00e+00 8.82e-01h  1
 133  5.6517389e+04 7.80e-04 1.51e+05  -2.5 2.30e-04   8.5 1.89e-01 1.89e-01s 20
 134  5.6517387e+04 7.13e-04 8.73e+04  -2.5 2.11e-04   8.5 6.60e-01 6.60e-01s 20
 135  5.6517387e+04 7.13e-04 8.72e+04  -2.5 2.19e-04   8.4 1.51e-03 1.51e-03s 20
 136  5.6517389e+04 6.96e-04 6.39e+04  -2.5 3.51e-05   9.3 1.00e+00 1.00e+00s 20
 137  5.6517399e+04 4.97e-04 2.15e+05  -2.5 2.86e-04   8.3 1.00e+00 0.00e+00S 20
 138  5.6517401e+04 2.80e-04 5.34e+04  -2.5 2.97e-04   8.3 1.00e+00 1.00e+00h  1
 139  5.6517398e+04 1.03e-04 3.76e+05  -2.5 1.71e-03   7.3 1.00e+00 2.57e-01h  1
iter    objective    inf_pr   inf_du lg(mu)  ||d||  lg(rg) alpha_du alpha_pr  ls
 140  5.6517398e+04 1.03e-04 3.76e+05  -2.5 3.98e-03   6.3 4.78e-04 4.78e-04s 11
 141  5.6517398e+04 1.05e-04 1.56e+05  -2.5 3.00e-04   8.1 1.00e+00 0.00e+00S 11
 142  5.6517398e+04 1.09e-04 1.54e+05  -2.5 1.84e-03   7.1 1.47e-02 1.47e-02s 16
 143  5.6517398e+04 1.10e-04 1.53e+05  -2.5 3.16e-03   6.7 4.76e-03 4.76e-03s 16
 144  5.6517232e+04 9.46e-04 1.78e+06  -2.5 4.66e-03   5.7 1.00e+00 0.00e+00S 16
 145  5.6515789e+04 1.01e-03 1.67e+02  -2.5 2.88e-03   4.8 1.00e+00 1.00e+00f  1
 146  5.6515586e+04 4.80e-05 9.13e+04  -2.5 5.00e-03   5.6 6.64e-03 1.00e+00f  1
 147  5.6515585e+04 1.45e-05 6.99e+04  -2.5 3.05e-04   8.3 2.69e-02 1.00e+00f  1
 148  5.6515581e+04 3.48e-05 3.16e+03  -2.5 1.52e-04   7.3 1.00e+00 1.00e+00h  1
 149  5.6515545e+04 1.34e-05 3.23e+02  -2.5 1.40e-04   6.4 1.00e+00 1.00e+00h  1
iter    objective    inf_pr   inf_du lg(mu)  ||d||  lg(rg) alpha_du alpha_pr  ls
 150  5.6515505e+04 6.58e-06 1.67e+02  -2.5 8.12e-05   6.3 1.00e+00 1.00e+00f  1
 151  5.6515489e+04 6.58e-06 1.67e+02  -2.5 3.05e-05   6.7 1.00e+00 1.00e+00f  1
 152  5.6515489e+04 6.58e-06 1.67e+02  -2.5 5.35e-07   8.5 1.00e+00 1.00e+00h  1
 153  5.6515488e+04 6.58e-06 1.67e+02  -2.5 1.61e-06   8.0 1.00e+00 1.00e+00h  1
 154  5.6515486e+04 6.58e-06 1.67e+02  -2.5 4.82e-06   7.5 1.00e+00 1.00e+00h  1
 155  5.6515479e+04 6.58e-06 1.67e+02  -2.5 1.45e-05   7.1 1.00e+00 1.00e+00h  1
 156  5.6515457e+04 6.58e-06 1.67e+02  -2.5 4.34e-05   6.6 1.00e+00 1.00e+00f  1
 157  5.6515262e+04 6.58e-06 1.67e+02  -2.5 3.90e-04   5.6 1.00e+00 1.00e+00f  1
 158  5.6513504e+04 6.58e-06 1.67e+02  -2.5 3.51e-03   4.7 1.00e+00 1.00e+00f  1
 159  5.6513421e+04 6.58e-06 1.67e+02  -2.5 1.65e-04   6.0 1.00e+00 1.00e+00f  1
iter    objective    inf_pr   inf_du lg(mu)  ||d||  lg(rg) alpha_du alpha_pr  ls
 160  5.6513410e+04 6.58e-06 1.67e+02  -2.5 2.32e-05   6.9 1.00e+00 1.00e+00f  1
 161  5.6513306e+04 6.58e-06 1.67e+02  -2.5 2.08e-04   5.9 1.00e+00 1.00e+00f  1
 162  5.6512367e+04 6.58e-06 1.67e+02  -2.5 1.88e-03   4.9 1.00e+00 1.00e+00f  1
 163  5.6509552e+04 6.58e-06 1.67e+02  -2.5 5.63e-03   4.5 1.00e+00 1.00e+00f  1
 164  5.6484227e+04 6.59e-06 1.67e+02  -2.5 5.06e-02   3.5 1.00e+00 1.00e+00f  1
 165  5.6483040e+04 6.59e-06 1.67e+02  -2.5 2.37e-03   4.8 1.00e+00 1.00e+00f  1
 166  5.6479479e+04 6.59e-06 1.67e+02  -2.5 7.12e-03   4.4 1.00e+00 1.00e+00f  1
 167  5.6475474e+04 6.59e-06 1.67e+02  -2.5 8.01e-03   4.3 1.00e+00 1.00e+00f  1
 168  5.6475473e+04 6.59e-06 1.67e+02  -2.5 2.20e-06   7.9 1.00e+00 1.00e+00h  1
 169  5.6475463e+04 6.59e-06 1.67e+02  -2.5 1.98e-05   6.9 1.00e+00 1.00e+00f  1
iter    objective    inf_pr   inf_du lg(mu)  ||d||  lg(rg) alpha_du alpha_pr  ls
 170  5.6475452e+04 6.59e-06 1.67e+02  -2.5 2.23e-05   6.9 1.00e+00 1.00e+00f  1
 171  5.6475418e+04 6.59e-06 1.67e+02  -2.5 6.68e-05   6.4 1.00e+00 1.00e+00f  1
 172  5.6475414e+04 6.59e-06 1.67e+02  -2.5 9.39e-06   7.2 1.00e+00 1.00e+00h  1
 173  5.6475412e+04 6.59e-06 1.67e+02  -2.5 3.52e-06   7.7 1.00e+00 1.00e+00h  1
 174  5.6475396e+04 6.59e-06 1.67e+02  -2.5 3.17e-05   6.7 1.00e+00 1.00e+00f  1
 175  5.6475253e+04 6.59e-06 1.67e+02  -2.5 2.85e-04   5.8 1.00e+00 1.00e+00f  1
 176  5.6475093e+04 6.59e-06 1.67e+02  -2.5 3.21e-04   5.7 1.00e+00 1.00e+00f  1
 177  5.6474611e+04 6.59e-06 1.67e+02  -2.5 9.63e-04   5.2 1.00e+00 1.00e+00f  1
 178  5.6473166e+04 6.59e-06 1.67e+02  -2.5 2.89e-03   4.8 1.00e+00 1.00e+00f  1
 179  5.6460164e+04 6.59e-06 1.66e+02  -2.5 2.60e-02   3.8 1.00e+00 1.00e+00f  1
iter    objective    inf_pr   inf_du lg(mu)  ||d||  lg(rg) alpha_du alpha_pr  ls
 180  5.6343408e+04 6.60e-06 1.66e+02  -2.5 2.34e-01   2.9 1.00e+00 1.00e+00f  1
 181  5.6212466e+04 6.62e-06 1.66e+02  -2.5 2.62e-01   2.8 1.00e+00 1.00e+00f  1
 182  5.5059861e+04 6.75e-06 1.64e+02  -2.5 2.33e+00   1.8 1.00e+00 1.00e+00f  1
 183  5.3802924e+04 6.90e-06 1.61e+02  -2.5 2.58e+00   1.8 1.00e+00 1.00e+00f  1
 184  5.3192621e+04 5.76e-06 1.62e+07  -2.5 7.39e+00   1.3 8.68e-03 1.72e-01f  1
 185  5.3020647e+04 3.15e-04 1.60e+07  -2.5 3.59e-01   2.6 4.92e-04 1.00e+00f  1
 186  5.1520376e+04 1.41e-02 8.98e+06  -2.5 3.17e+00   1.7 5.67e-03 1.00e+00f  1
 187  5.1512658e+04 1.42e-02 7.89e+06  -2.5 9.65e-01   3.0 5.83e-04 1.20e-01f  1
 188r 5.1512658e+04 1.42e-02 1.00e+03  -1.8 0.00e+00   2.5 0.00e+00 1.32e-07R  2
 189r 5.1512656e+04 7.29e-03 2.89e+04  -1.8 2.01e+01    -  3.26e-02 8.19e-03f  1
iter    objective    inf_pr   inf_du lg(mu)  ||d||  lg(rg) alpha_du alpha_pr  ls
 190  5.1427727e+04 3.81e-03 3.68e+04  -2.5 5.00e-01   2.5 9.97e-01 3.63e-01f  1
 191  5.0528248e+04 1.84e-03 2.84e+04  -2.5 4.38e+00   1.5 8.35e-01 4.41e-01f  1
 192  5.0455808e+04 6.42e-04 1.12e+04  -2.5 2.08e-01   2.9 9.86e-01 7.52e-01f  1
 193  5.0455053e+04 3.47e-04 1.86e+04  -2.5 3.66e-03   4.6 1.00e+00 4.46e-01f  1
 194  5.0442253e+04 4.48e-05 1.47e+03  -2.5 3.30e-02   3.7 4.64e-01 8.41e-01f  1
 195  5.0438003e+04 3.75e-05 1.72e+04  -2.5 3.71e-02   3.6 1.00e+00 2.48e-01f  1
 196  5.0426083e+04 1.69e-05 4.95e+03  -2.5 4.17e-02   3.6 7.12e-02 6.19e-01f  1
 197  5.0254824e+04 5.16e-06 1.63e+02  -2.5 3.74e-01   2.6 1.00e+00 9.91e-01f  1
 198  4.9028829e+04 5.38e-06 1.39e+04  -2.5 3.30e+00   1.7 4.48e-02 8.14e-01f  1
 199  4.7401682e+04 5.99e-06 1.47e+02  -2.5 3.64e+00   1.6 1.00e+00 1.00e+00f  1
iter    objective    inf_pr   inf_du lg(mu)  ||d||  lg(rg) alpha_du alpha_pr  ls
 200  4.7392265e+04 5.68e-06 1.47e+02  -2.5 2.13e-02   3.8 1.00e+00 1.00e+00f  1
 201  4.7381673e+04 5.68e-06 1.47e+02  -2.5 2.40e-02   3.8 1.00e+00 1.00e+00f  1
 202  4.7377702e+04 5.68e-06 1.47e+02  -2.5 8.99e-03   4.2 1.00e+00 1.00e+00f  1
 203  4.7341993e+04 5.69e-06 1.47e+02  -2.5 8.08e-02   3.3 1.00e+00 1.00e+00f  1
 204  4.7301867e+04 5.70e-06 1.47e+02  -2.5 9.09e-02   3.2 1.00e+00 1.00e+00f  1
 205  4.6943788e+04 5.76e-06 1.46e+02  -2.5 8.14e-01   2.3 1.00e+00 1.00e+00f  1
 206  4.3950942e+04 2.07e-05 1.40e+02  -2.5 6.98e+00   1.3 1.00e+00 1.00e+00f  1
 207  4.3933830e+04 6.36e-06 1.40e+02  -2.5 4.09e-02   3.5 1.00e+00 1.00e+00f  1
 208  4.3931424e+04 6.36e-06 1.40e+02  -2.5 5.75e-03   4.4 1.00e+00 1.00e+00f  1
 209  4.3931419e+04 6.36e-06 1.40e+02  -2.5 1.26e-05   7.0 1.00e+00 1.00e+00h  1
iter    objective    inf_pr   inf_du lg(mu)  ||d||  lg(rg) alpha_du alpha_pr  ls
 210  4.3931371e+04 6.36e-06 1.40e+02  -2.5 1.14e-04   6.1 1.00e+00 1.00e+00f  1
 211  4.3930943e+04 6.36e-06 1.40e+02  -2.5 1.02e-03   5.1 1.00e+00 1.00e+00f  1
 212  4.3930461e+04 6.36e-06 1.40e+02  -2.5 1.15e-03   5.1 1.00e+00 1.00e+00f  1
 213  4.3926127e+04 6.36e-06 1.40e+02  -2.5 1.04e-02   4.1 1.00e+00 1.00e+00f  1
 214  4.3926117e+04 6.36e-06 1.40e+02  -2.5 2.28e-05   6.8 1.00e+00 1.00e+00f  1
 215  4.3926031e+04 6.36e-06 1.40e+02  -2.5 2.05e-04   5.8 1.00e+00 1.00e+00f  1
 216  4.3926027e+04 6.36e-06 1.40e+02  -2.5 9.60e-06   7.2 1.00e+00 1.00e+00h  1
 217  4.3926015e+04 6.36e-06 1.40e+02  -2.5 2.88e-05   6.7 1.00e+00 1.00e+00f  1
 218  4.3925979e+04 6.36e-06 1.40e+02  -2.5 8.64e-05   6.2 1.00e+00 1.00e+00f  1
 219  4.3925654e+04 6.36e-06 1.40e+02  -2.5 7.78e-04   5.3 1.00e+00 1.00e+00f  1
iter    objective    inf_pr   inf_du lg(mu)  ||d||  lg(rg) alpha_du alpha_pr  ls
 220  4.3925532e+04 6.36e-06 1.40e+02  -2.5 2.92e-04   5.7 1.00e+00 1.00e+00f  1
 221  4.3924433e+04 6.36e-06 1.40e+02  -2.5 2.63e-03   4.7 1.00e+00 1.00e+00f  1
 222  4.3924021e+04 6.36e-06 1.40e+02  -2.5 9.84e-04   5.2 1.00e+00 1.00e+00f  1
 223  4.3923963e+04 6.36e-06 1.40e+02  -2.5 1.38e-04   6.0 1.00e+00 1.00e+00f  1
 224  4.3923942e+04 6.36e-06 1.40e+02  -2.5 5.19e-05   6.4 1.00e+00 1.00e+00f  1
 225  4.3923941e+04 6.36e-06 1.40e+02  -2.5 2.43e-06   7.8 1.00e+00 1.00e+00h  1
 226  4.3923932e+04 6.36e-06 1.40e+02  -2.5 2.19e-05   6.8 1.00e+00 1.00e+00f  1
 227  4.3923921e+04 6.36e-06 1.40e+02  -2.5 2.46e-05   6.8 1.00e+00 1.00e+00f  1
 228  4.3923828e+04 6.36e-06 1.40e+02  -2.5 2.22e-04   5.8 1.00e+00 1.00e+00f  1
 229  4.3923824e+04 6.36e-06 1.40e+02  -2.5 1.04e-05   7.1 1.00e+00 1.00e+00h  1
iter    objective    inf_pr   inf_du lg(mu)  ||d||  lg(rg) alpha_du alpha_pr  ls
 230  4.3923819e+04 6.36e-06 1.40e+02  -2.5 1.17e-05   7.1 1.00e+00 1.00e+00h  1
 231  4.3923819e+04 6.36e-06 1.40e+02  -2.5 8.57e-09  10.2 1.00e+00 1.00e+00h  1
 232  4.3923819e+04 6.36e-06 1.40e+02  -2.5 9.64e-09  10.2 1.00e+00 1.00e+00h  1
 233  4.3923819e+04 6.36e-06 1.40e+02  -2.5 8.67e-08   9.2 1.00e+00 1.00e+00h  1
 234  4.3923819e+04 6.36e-06 1.40e+02  -2.5 7.80e-07   8.3 1.00e+00 1.00e+00h  1
 235  4.3923816e+04 6.36e-06 1.40e+02  -2.5 7.02e-06   7.3 1.00e+00 1.00e+00h  1
 236  4.3923789e+04 6.36e-06 1.40e+02  -2.5 6.32e-05   6.3 1.00e+00 1.00e+00f  1
 237  4.3923551e+04 6.36e-06 1.40e+02  -2.5 5.69e-04   5.4 1.00e+00 1.00e+00f  1
 238  4.3921409e+04 6.36e-06 1.39e+02  -2.5 5.12e-03   4.4 1.00e+00 1.00e+00f  1
 239  4.3921397e+04 6.36e-06 1.39e+02  -2.5 3.00e-05   6.7 1.00e+00 1.00e+00f  1
iter    objective    inf_pr   inf_du lg(mu)  ||d||  lg(rg) alpha_du alpha_pr  ls
 240  4.3921284e+04 6.36e-06 1.39e+02  -2.5 2.70e-04   5.7 1.00e+00 1.00e+00f  1
 241  4.3921282e+04 6.36e-06 1.39e+02  -2.5 4.75e-06   7.5 1.00e+00 1.00e+00h  1
 242  4.3921282e+04 6.36e-06 1.39e+02  -2.5 2.22e-07   8.8 1.00e+00 1.00e+00h  1
 243  4.3921281e+04 6.36e-06 1.39e+02  -2.5 2.00e-06   7.8 1.00e+00 1.00e+00h  1
 244  4.3921278e+04 6.36e-06 1.39e+02  -2.5 6.01e-06   7.4 1.00e+00 1.00e+00h  1
 245  4.3921275e+04 6.36e-06 1.39e+02  -2.5 6.76e-06   7.3 1.00e+00 1.00e+00h  1
 246  4.3921272e+04 6.36e-06 1.39e+02  -2.5 7.60e-06   7.3 1.00e+00 1.00e+00h  1
 247  4.3921269e+04 6.36e-06 1.39e+02  -2.5 8.55e-06   7.2 1.00e+00 1.00e+00h  1
 248  4.3921265e+04 6.36e-06 1.39e+02  -2.5 9.62e-06   7.2 1.00e+00 1.00e+00h  1
 249  4.3921228e+04 6.36e-06 1.39e+02  -2.5 8.66e-05   6.2 1.00e+00 1.00e+00f  1
iter    objective    inf_pr   inf_du lg(mu)  ||d||  lg(rg) alpha_du alpha_pr  ls
 250  4.3920902e+04 6.36e-06 1.39e+02  -2.5 7.79e-04   5.3 1.00e+00 1.00e+00f  1
 251  4.3920856e+04 6.36e-06 1.39e+02  -2.5 1.10e-04   6.1 1.00e+00 1.00e+00f  1
 252  4.3920839e+04 6.36e-06 1.39e+02  -2.5 4.11e-05   6.5 1.00e+00 1.00e+00f  1
 253  4.3920839e+04 6.36e-06 1.39e+02  -2.5 3.76e-09  10.6 1.00e+00 1.00e+00h  1
 254  4.3920839e+04 6.36e-06 1.39e+02  -2.5 1.13e-08  10.1 1.00e+00 1.00e+00h  1
 255  4.3920839e+04 6.36e-06 1.39e+02  -2.5 3.39e-08   9.6 1.00e+00 1.00e+00h  1
 256  4.3920839e+04 6.36e-06 1.39e+02  -2.5 1.27e-08  10.0 1.00e+00 1.00e+00h  1
 257  4.3920839e+04 6.36e-06 1.39e+02  -2.5 3.81e-08   9.6 1.00e+00 1.00e+00h  1
 258  4.3920839e+04 6.36e-06 1.39e+02  -2.5 4.29e-08   9.5 1.00e+00 1.00e+00h  1
 259  4.3920839e+04 6.36e-06 1.39e+02  -2.5 4.82e-08   9.5 1.00e+00 1.00e+00h  1
iter    objective    inf_pr   inf_du lg(mu)  ||d||  lg(rg) alpha_du alpha_pr  ls
 260  4.3920839e+04 6.36e-06 1.39e+02  -2.5 4.34e-07   8.5 1.00e+00 1.00e+00h  1
 261  4.3920838e+04 6.36e-06 1.39e+02  -2.5 1.30e-06   8.0 1.00e+00 1.00e+00h  1
 262  4.3920838e+04 6.36e-06 1.39e+02  -2.5 1.83e-07   8.9 1.00e+00 1.00e+00h  1
 263  4.3920838e+04 6.36e-06 1.39e+02  -2.5 5.49e-07   8.4 1.00e+00 1.00e+00h  1
 264  4.3920838e+04 6.36e-06 1.39e+02  -2.5 7.72e-08   9.3 1.00e+00 1.00e+00h  1
 265  4.3920838e+04 6.36e-06 1.39e+02  -2.5 6.95e-07   8.3 1.00e+00 1.00e+00h  1
 266  4.3920835e+04 6.36e-06 1.39e+02  -2.5 6.26e-06   7.3 1.00e+00 1.00e+00h  1
 267  4.3920812e+04 6.36e-06 1.39e+02  -2.5 5.63e-05   6.4 1.00e+00 1.00e+00f  1
 268  4.3920808e+04 6.36e-06 1.39e+02  -2.5 7.92e-06   7.2 1.00e+00 1.00e+00h  1
 269  4.3920778e+04 6.36e-06 1.39e+02  -2.5 7.13e-05   6.3 1.00e+00 1.00e+00f  1
iter    objective    inf_pr   inf_du lg(mu)  ||d||  lg(rg) alpha_du alpha_pr  ls
 270  4.3920689e+04 6.36e-06 1.39e+02  -2.5 2.14e-04   5.8 1.00e+00 1.00e+00f  1
 271  4.3919884e+04 6.36e-06 1.39e+02  -2.5 1.92e-03   4.9 1.00e+00 1.00e+00f  1
 272  4.3912641e+04 6.36e-06 1.39e+02  -2.5 1.73e-02   3.9 1.00e+00 1.00e+00f  1
 273  4.3912625e+04 6.36e-06 1.39e+02  -2.5 3.80e-05   6.6 1.00e+00 1.00e+00f  1
 274  4.3912482e+04 6.36e-06 1.39e+02  -2.5 3.42e-04   5.6 1.00e+00 1.00e+00f  1
 275  4.3911193e+04 6.36e-06 1.39e+02  -2.5 3.08e-03   4.7 1.00e+00 1.00e+00f  1
 276  4.3911170e+04 6.36e-06 1.39e+02  -2.5 5.42e-05   6.4 1.00e+00 1.00e+00f  1
 277  4.3910966e+04 6.36e-06 1.39e+02  -2.5 4.88e-04   5.5 1.00e+00 1.00e+00f  1
 278  4.3910890e+04 6.36e-06 1.39e+02  -2.5 1.83e-04   5.9 1.00e+00 1.00e+00f  1
 279  4.3910861e+04 6.36e-06 1.39e+02  -2.5 6.86e-05   6.3 1.00e+00 1.00e+00f  1
iter    objective    inf_pr   inf_du lg(mu)  ||d||  lg(rg) alpha_du alpha_pr  ls
 280  4.3910829e+04 6.36e-06 1.39e+02  -2.5 7.71e-05   6.3 1.00e+00 1.00e+00f  1
 281  4.3910793e+04 6.36e-06 1.39e+02  -2.5 8.68e-05   6.2 1.00e+00 1.00e+00f  1
 282  4.3910684e+04 6.36e-06 1.39e+02  -2.5 2.60e-04   5.7 1.00e+00 1.00e+00f  1
 283  4.3910357e+04 6.36e-06 1.39e+02  -2.5 7.81e-04   5.3 1.00e+00 1.00e+00f  1
 284  4.3907418e+04 6.36e-06 1.39e+02  -2.5 7.03e-03   4.3 1.00e+00 1.00e+00f  1
 285  4.3880982e+04 6.36e-06 1.39e+02  -2.5 6.32e-02   3.3 1.00e+00 1.00e+00f  1
 286  4.3644519e+04 6.37e-06 1.39e+02  -2.5 5.67e-01   2.4 1.00e+00 1.00e+00f  1
 287  4.3380790e+04 6.39e-06 1.38e+02  -2.5 6.35e-01   2.3 1.00e+00 1.00e+00f  1
 288  4.2606888e+04 6.42e-06 1.36e+02  -2.5 1.88e+00   1.9 1.00e+00 1.00e+00f  1
 289  4.1761035e+04 6.46e-06 1.34e+02  -2.5 2.08e+00   1.8 1.00e+00 1.00e+00f  1
iter    objective    inf_pr   inf_du lg(mu)  ||d||  lg(rg) alpha_du alpha_pr  ls
 290  4.0839724e+04 6.49e-06 1.32e+02  -2.5 2.30e+00   1.8 1.00e+00 1.00e+00f  1
 291  4.0711692e+04 6.50e-06 1.32e+02  -2.5 3.23e-01   2.6 1.00e+00 1.00e+00f  1
 292  3.9596158e+04 6.53e-06 1.29e+02  -2.5 2.85e+00   1.7 1.00e+00 1.00e+00f  1
 293  3.8396831e+04 6.57e-06 1.26e+02  -2.5 3.13e+00   1.6 1.00e+00 1.00e+00f  1
 294  3.7958117e+04 6.58e-06 1.25e+02  -2.5 1.16e+00   2.0 1.00e+00 1.00e+00f  1
 295  3.7896807e+04 6.58e-06 1.25e+02  -2.5 1.63e-01   2.9 1.00e+00 1.00e+00f  1
 296  3.7354418e+04 6.59e-06 1.23e+02  -2.5 1.45e+00   1.9 1.00e+00 1.00e+00f  1
 297  3.7329154e+04 6.59e-06 1.23e+02  -2.5 6.80e-02   3.3 1.00e+00 1.00e+00f  1
 298  3.7253557e+04 6.59e-06 1.23e+02  -2.5 2.04e-01   2.8 1.00e+00 1.00e+00f  1
 299  3.6587741e+04 6.60e-06 1.21e+02  -2.5 1.81e+00   1.8 1.00e+00 1.00e+00f  1
iter    objective    inf_pr   inf_du lg(mu)  ||d||  lg(rg) alpha_du alpha_pr  ls
 300  3.1579896e+04 6.14e-05 1.07e+02  -2.5 1.44e+01   0.9 1.00e+00 1.00e+00f  1
 301  3.1552265e+04 6.56e-06 1.07e+02  -2.5 8.44e-02   3.1 1.00e+00 1.00e+00f  1
 302  3.1306052e+04 6.56e-06 1.07e+02  -2.5 7.55e-01   2.2 1.00e+00 1.00e+00f  1
 303  3.1294553e+04 6.56e-06 1.07e+02  -2.5 3.54e-02   3.5 1.00e+00 1.00e+00f  1
 304  3.1294014e+04 6.56e-06 1.07e+02  -2.5 1.66e-03   4.8 1.00e+00 1.00e+00f  1
 305  3.1292397e+04 6.56e-06 1.07e+02  -2.5 4.97e-03   4.3 1.00e+00 1.00e+00f  1
 306  3.1277856e+04 6.56e-06 1.07e+02  -2.5 4.47e-02   3.4 1.00e+00 1.00e+00f  1
 307  3.1147675e+04 6.55e-06 1.06e+02  -2.5 4.01e-01   2.4 1.00e+00 1.00e+00f  1
 308  3.1099034e+04 6.55e-06 1.06e+02  -2.5 1.50e-01   2.8 1.00e+00 1.00e+00f  1
 309  3.0668973e+04 6.53e-06 1.05e+02  -2.5 1.34e+00   1.9 1.00e+00 1.00e+00f  1
iter    objective    inf_pr   inf_du lg(mu)  ||d||  lg(rg) alpha_du alpha_pr  ls
 310  3.0608986e+04 6.53e-06 1.05e+02  -2.5 1.88e-01   2.7 1.00e+00 1.00e+00f  1
 311  3.0600560e+04 6.53e-06 1.05e+02  -2.5 2.64e-02   3.6 1.00e+00 1.00e+00f  1
 312  3.0599376e+04 6.53e-06 1.05e+02  -2.5 3.71e-03   4.5 1.00e+00 1.00e+00f  1
 313  3.0598043e+04 6.53e-06 1.05e+02  -2.5 4.17e-03   4.4 1.00e+00 1.00e+00f  1
 314  3.0598035e+04 6.53e-06 1.05e+02  -2.5 2.44e-05   6.6 1.00e+00 1.00e+00f  1
 315  3.0598012e+04 6.53e-06 1.05e+02  -2.5 7.33e-05   6.2 1.00e+00 1.00e+00f  1
 316  3.0598003e+04 6.53e-06 1.05e+02  -2.5 2.75e-05   6.6 1.00e+00 1.00e+00f  1
 317  3.0597924e+04 6.53e-06 1.05e+02  -2.5 2.47e-04   5.6 1.00e+00 1.00e+00f  1
 318  3.0597924e+04 6.53e-06 1.05e+02  -2.5 6.80e-08   9.2 1.00e+00 1.00e+00h  1
 319  3.0597924e+04 6.53e-06 1.05e+02  -2.5 2.04e-07   8.7 1.00e+00 1.00e+00h  1
iter    objective    inf_pr   inf_du lg(mu)  ||d||  lg(rg) alpha_du alpha_pr  ls
 320  3.0597924e+04 6.53e-06 1.05e+02  -2.5 6.12e-07   8.2 1.00e+00 1.00e+00h  1
 321  3.0597922e+04 6.53e-06 1.05e+02  -2.5 5.50e-06   7.3 1.00e+00 1.00e+00h  1
 322  3.0597917e+04 6.53e-06 1.05e+02  -2.5 1.65e-05   6.8 1.00e+00 1.00e+00h  1
 323  3.0597901e+04 6.53e-06 1.05e+02  -2.5 4.95e-05   6.3 1.00e+00 1.00e+00f  1
 324  3.0597901e+04 6.53e-06 1.05e+02  -2.5 8.71e-07   8.1 1.00e+00 1.00e+00h  1
 325  3.0597900e+04 6.53e-06 1.05e+02  -2.5 9.80e-07   8.0 1.00e+00 1.00e+00h  1
 326  3.0597897e+04 6.53e-06 1.05e+02  -2.5 8.82e-06   7.1 1.00e+00 1.00e+00h  1
 327  3.0597872e+04 6.53e-06 1.05e+02  -2.5 7.94e-05   6.1 1.00e+00 1.00e+00f  1
 328  3.0597868e+04 6.53e-06 1.05e+02  -2.5 1.12e-05   7.0 1.00e+00 1.00e+00h  1
 329  3.0597868e+04 6.53e-06 1.05e+02  -2.5 5.23e-07   8.3 1.00e+00 1.00e+00h  1
iter    objective    inf_pr   inf_du lg(mu)  ||d||  lg(rg) alpha_du alpha_pr  ls
 330  3.0597868e+04 6.53e-06 1.05e+02  -2.5 5.88e-07   8.2 1.00e+00 1.00e+00h  1
 331  3.0597868e+04 6.53e-06 1.05e+02  -2.5 1.77e-06   7.8 1.00e+00 1.00e+00h  1
 332  3.0597867e+04 6.53e-06 1.05e+02  -2.5 2.48e-07   8.6 1.00e+00 1.00e+00h  1
 333  3.0597867e+04 6.53e-06 1.05e+02  -2.5 2.23e-06   7.7 1.00e+00 1.00e+00h  1
 334  3.0597860e+04 6.53e-06 1.05e+02  -2.5 2.01e-05   6.7 1.00e+00 1.00e+00h  1
 335  3.0597853e+04 6.53e-06 1.05e+02  -2.5 2.26e-05   6.7 1.00e+00 1.00e+00h  1
 336  3.0597788e+04 6.53e-06 1.05e+02  -2.5 2.04e-04   5.7 1.00e+00 1.00e+00f  1
 337  3.0597715e+04 6.53e-06 1.05e+02  -2.5 2.29e-04   5.7 1.00e+00 1.00e+00f  1
 338  3.0597633e+04 6.53e-06 1.05e+02  -2.5 2.58e-04   5.6 1.00e+00 1.00e+00f  1
 339  3.0597602e+04 6.53e-06 1.05e+02  -2.5 9.66e-05   6.0 1.00e+00 1.00e+00f  1
iter    objective    inf_pr   inf_du lg(mu)  ||d||  lg(rg) alpha_du alpha_pr  ls
 340  3.0597509e+04 6.53e-06 1.05e+02  -2.5 2.90e-04   5.6 1.00e+00 1.00e+00f  1
 341  3.0596675e+04 6.53e-06 1.05e+02  -2.5 2.61e-03   4.6 1.00e+00 1.00e+00f  1
 342  3.0589175e+04 6.53e-06 1.04e+02  -2.5 2.35e-02   3.6 1.00e+00 1.00e+00f  1
 343  3.0521865e+04 6.52e-06 1.04e+02  -2.5 2.11e-01   2.7 1.00e+00 1.00e+00f  1
 344  3.0321754e+04 6.48e-06 1.04e+02  -2.5 6.29e-01   2.2 1.00e+00 1.00e+00f  1
 345  3.0312403e+04 6.48e-06 1.04e+02  -2.5 2.95e-02   3.5 1.00e+00 1.00e+00f  1
 346  3.0284385e+04 6.48e-06 1.04e+02  -2.5 8.84e-02   3.1 1.00e+00 1.00e+00f  1
 347  3.0034898e+04 6.43e-06 1.03e+02  -2.5 7.89e-01   2.1 1.00e+00 1.00e+00f  1
 348  2.9942020e+04 6.41e-06 1.03e+02  -2.5 2.95e-01   2.5 1.00e+00 1.00e+00f  1
 349  2.9135184e+04 1.24e-05 1.00e+02  -2.5 2.59e+00   1.6 1.00e+00 1.00e+00f  1
iter    objective    inf_pr   inf_du lg(mu)  ||d||  lg(rg) alpha_du alpha_pr  ls
 350  2.9023553e+04 6.24e-06 9.97e+01  -2.5 3.63e-01   2.4 1.00e+00 1.00e+00f  1
 351  2.8062313e+04 1.16e-05 9.67e+01  -2.5 3.17e+00   1.5 1.00e+00 1.00e+00f  1
 352  2.7045505e+04 6.75e-06 9.35e+01  -2.5 3.45e+00   1.4 1.00e+00 1.00e+00f  1
 353  2.5977148e+04 5.64e-06 8.99e+01  -2.5 3.73e+00   1.4 1.00e+00 1.00e+00f  1
 354  2.5591216e+04 5.56e-06 8.86e+01  -2.5 1.38e+00   1.8 1.00e+00 1.00e+00f  1
 355  2.5573261e+04 5.56e-06 8.86e+01  -2.5 6.46e-02   3.1 1.00e+00 1.00e+00f  1
 356  2.5553090e+04 5.56e-06 8.85e+01  -2.5 7.26e-02   3.1 1.00e+00 1.00e+00f  1
 357  2.5373305e+04 5.52e-06 8.79e+01  -2.5 6.49e-01   2.1 1.00e+00 1.00e+00f  1
 358  2.5173792e+04 5.47e-06 8.72e+01  -2.5 7.25e-01   2.1 1.00e+00 1.00e+00f  1
 359  2.5172627e+04 5.47e-06 8.72e+01  -2.5 4.25e-03   4.3 1.00e+00 1.00e+00f  1
iter    objective    inf_pr   inf_du lg(mu)  ||d||  lg(rg) alpha_du alpha_pr  ls
 360  2.5171317e+04 5.47e-06 8.72e+01  -2.5 4.78e-03   4.3 1.00e+00 1.00e+00f  1
 361  2.5159532e+04 5.47e-06 8.72e+01  -2.5 4.30e-02   3.3 1.00e+00 1.00e+00f  1
 362  2.5159325e+04 5.47e-06 8.72e+01  -2.5 7.55e-04   5.1 1.00e+00 1.00e+00f  1
 363  2.5158703e+04 5.47e-06 8.72e+01  -2.5 2.27e-03   4.6 1.00e+00 1.00e+00f  1
 364  2.5153113e+04 5.47e-06 8.72e+01  -2.5 2.04e-02   3.6 1.00e+00 1.00e+00f  1
 365  2.5153101e+04 5.47e-06 8.72e+01  -2.5 4.48e-05   6.3 1.00e+00 1.00e+00f  1
 366  2.5153096e+04 5.47e-06 8.72e+01  -2.5 1.68e-05   6.7 1.00e+00 1.00e+00h  1
 367  2.5153055e+04 5.47e-06 8.72e+01  -2.5 1.51e-04   5.8 1.00e+00 1.00e+00f  1
 368  2.5153008e+04 5.47e-06 8.72e+01  -2.5 1.70e-04   5.7 1.00e+00 1.00e+00f  1
 369  2.5152868e+04 5.47e-06 8.72e+01  -2.5 5.10e-04   5.2 1.00e+00 1.00e+00f  1
iter    objective    inf_pr   inf_du lg(mu)  ||d||  lg(rg) alpha_du alpha_pr  ls
 370  2.5151609e+04 5.47e-06 8.71e+01  -2.5 4.59e-03   4.3 1.00e+00 1.00e+00f  1
 371  2.5151137e+04 5.47e-06 8.71e+01  -2.5 1.72e-03   4.7 1.00e+00 1.00e+00f  1
 372  2.5150960e+04 5.47e-06 8.71e+01  -2.5 6.46e-04   5.1 1.00e+00 1.00e+00f  1
 373  2.5150761e+04 5.47e-06 8.71e+01  -2.5 7.27e-04   5.1 1.00e+00 1.00e+00f  1
 374  2.5148969e+04 5.47e-06 8.71e+01  -2.5 6.54e-03   4.1 1.00e+00 1.00e+00f  1
 375  2.5146953e+04 5.47e-06 8.71e+01  -2.5 7.36e-03   4.1 1.00e+00 1.00e+00f  1
 376  2.5140907e+04 5.47e-06 8.71e+01  -2.5 2.21e-02   3.6 1.00e+00 1.00e+00f  1
 377  2.5086659e+04 5.45e-06 8.69e+01  -2.5 1.98e-01   2.6 1.00e+00 1.00e+00f  1
 378  2.4925469e+04 5.40e-06 8.64e+01  -2.5 5.91e-01   2.2 1.00e+00 1.00e+00f  1
 379  2.3583023e+04 4.22e-05 8.17e+01  -2.5 5.03e+00   1.2 1.00e+00 1.00e+00f  1
iter    objective    inf_pr   inf_du lg(mu)  ||d||  lg(rg) alpha_du alpha_pr  ls
 380  2.3400885e+04 6.28e-06 8.10e+01  -2.5 7.01e-01   2.1 1.00e+00 1.00e+00f  1
 381  2.3199137e+04 6.87e-06 8.03e+01  -2.5 7.82e-01   2.0 1.00e+00 1.00e+00f  1
 382  2.2976083e+04 7.08e-06 7.95e+01  -2.5 8.71e-01   2.0 1.00e+00 1.00e+00f  1
 383  2.2976022e+04 7.00e-06 7.95e+01  -2.5 2.39e-04   5.5 1.00e+00 1.00e+00f  1
 384  2.2976022e+04 7.00e-06 7.95e+01  -2.5 1.40e-06   7.8 1.00e+00 1.00e+00h  1
 385  2.2976018e+04 7.00e-06 7.95e+01  -2.5 1.26e-05   6.8 1.00e+00 1.00e+00h  1
 386  2.2976018e+04 7.00e-06 7.95e+01  -2.5 5.91e-07   8.1 1.00e+00 1.00e+00h  1
 387  2.2976017e+04 7.00e-06 7.95e+01  -2.5 5.32e-06   7.2 1.00e+00 1.00e+00h  1
 388  2.2976005e+04 7.00e-06 7.95e+01  -2.5 4.79e-05   6.2 1.00e+00 1.00e+00f  1
 389  2.2975991e+04 7.00e-06 7.95e+01  -2.5 5.39e-05   6.2 1.00e+00 1.00e+00f  1
iter    objective    inf_pr   inf_du lg(mu)  ||d||  lg(rg) alpha_du alpha_pr  ls
 390  2.2975976e+04 7.00e-06 7.95e+01  -2.5 6.06e-05   6.1 1.00e+00 1.00e+00f  1
 391  2.2975929e+04 6.99e-06 7.95e+01  -2.5 1.82e-04   5.6 1.00e+00 1.00e+00f  1
 392  2.2975877e+04 6.99e-06 7.95e+01  -2.5 2.05e-04   5.6 1.00e+00 1.00e+00f  1
 393  2.2975818e+04 6.99e-06 7.95e+01  -2.5 2.30e-04   5.5 1.00e+00 1.00e+00f  1
 394  2.2975642e+04 6.99e-06 7.95e+01  -2.5 6.90e-04   5.1 1.00e+00 1.00e+00f  1
 395  2.2974058e+04 6.95e-06 7.95e+01  -2.5 6.21e-03   4.1 1.00e+00 1.00e+00f  1
 396  2.2969307e+04 6.82e-06 7.95e+01  -2.5 1.86e-02   3.6 1.00e+00 1.00e+00f  1
 397  2.2963964e+04 6.66e-06 7.94e+01  -2.5 2.10e-02   3.6 1.00e+00 1.00e+00f  1
 398  2.2957956e+04 6.48e-06 7.94e+01  -2.5 2.36e-02   3.5 1.00e+00 1.00e+00f  1
 399  2.2904069e+04 6.20e-06 7.92e+01  -2.5 2.12e-01   2.6 1.00e+00 1.00e+00f  1
iter    objective    inf_pr   inf_du lg(mu)  ||d||  lg(rg) alpha_du alpha_pr  ls
 400  2.2843736e+04 4.89e-06 7.90e+01  -2.5 2.37e-01   2.5 1.00e+00 1.00e+00f  1
 401  2.2776226e+04 4.80e-06 7.88e+01  -2.5 2.66e-01   2.5 1.00e+00 1.00e+00f  1
 402  2.2750984e+04 4.79e-06 7.87e+01  -2.5 9.97e-02   2.9 1.00e+00 1.00e+00f  1
 403  2.2750977e+04 4.79e-06 7.87e+01  -2.5 2.74e-05   6.5 1.00e+00 1.00e+00h  1
 404  2.2750915e+04 4.79e-06 7.87e+01  -2.5 2.46e-04   5.5 1.00e+00 1.00e+00f  1
 405  2.2750914e+04 4.79e-06 7.87e+01  -2.5 4.33e-06   7.3 1.00e+00 1.00e+00h  1
 406  2.2750911e+04 4.79e-06 7.87e+01  -2.5 1.30e-05   6.8 1.00e+00 1.00e+00h  1
 407  2.2750881e+04 4.79e-06 7.87e+01  -2.5 1.17e-04   5.8 1.00e+00 1.00e+00f  1
 408  2.2750615e+04 4.79e-06 7.87e+01  -2.5 1.05e-03   4.9 1.00e+00 1.00e+00f  1
 409  2.2749816e+04 4.79e-06 7.87e+01  -2.5 3.16e-03   4.4 1.00e+00 1.00e+00f  1
iter    objective    inf_pr   inf_du lg(mu)  ||d||  lg(rg) alpha_du alpha_pr  ls
 410  2.2749814e+04 4.79e-06 7.87e+01  -2.5 6.94e-06   7.1 1.00e+00 1.00e+00h  1
 411  2.2749798e+04 4.79e-06 7.87e+01  -2.5 6.25e-05   6.1 1.00e+00 1.00e+00f  1
 412  2.2749656e+04 4.79e-06 7.87e+01  -2.5 5.62e-04   5.1 1.00e+00 1.00e+00f  1
 413  2.2748376e+04 4.79e-06 7.87e+01  -2.5 5.06e-03   4.2 1.00e+00 1.00e+00f  1
 414  2.2746936e+04 4.79e-06 7.87e+01  -2.5 5.69e-03   4.1 1.00e+00 1.00e+00f  1
 415  2.2745317e+04 4.79e-06 7.86e+01  -2.5 6.40e-03   4.1 1.00e+00 1.00e+00f  1
 416  2.2743496e+04 4.79e-06 7.86e+01  -2.5 7.20e-03   4.0 1.00e+00 1.00e+00f  1
 417  2.2743464e+04 4.79e-06 7.86e+01  -2.5 1.27e-04   5.8 1.00e+00 1.00e+00f  1
 418  2.2743175e+04 4.79e-06 7.86e+01  -2.5 1.14e-03   4.8 1.00e+00 1.00e+00f  1
 419  2.2740583e+04 4.79e-06 7.86e+01  -2.5 1.03e-02   3.9 1.00e+00 1.00e+00f  1
iter    objective    inf_pr   inf_du lg(mu)  ||d||  lg(rg) alpha_du alpha_pr  ls
 420  2.2737666e+04 4.79e-06 7.86e+01  -2.5 1.15e-02   3.8 1.00e+00 1.00e+00f  1
 421  2.2737615e+04 4.79e-06 7.86e+01  -2.5 2.03e-04   5.6 1.00e+00 1.00e+00f  1
 422  2.2737596e+04 4.79e-06 7.86e+01  -2.5 7.60e-05   6.0 1.00e+00 1.00e+00f  1
 423  2.2737595e+04 4.79e-06 7.86e+01  -2.5 3.56e-06   7.3 1.00e+00 1.00e+00h  1
 424  2.2737587e+04 4.79e-06 7.86e+01  -2.5 3.21e-05   6.4 1.00e+00 1.00e+00f  1
 425  2.2737586e+04 4.79e-06 7.86e+01  -2.5 4.51e-06   7.2 1.00e+00 1.00e+00h  1
 426  2.2737575e+04 4.79e-06 7.86e+01  -2.5 4.06e-05   6.3 1.00e+00 1.00e+00f  1
 427  2.2737564e+04 4.79e-06 7.86e+01  -2.5 4.57e-05   6.2 1.00e+00 1.00e+00f  1
 428  2.2737563e+04 4.79e-06 7.86e+01  -2.5 2.14e-06   7.6 1.00e+00 1.00e+00h  1
 429  2.2737558e+04 4.79e-06 7.86e+01  -2.5 1.93e-05   6.6 1.00e+00 1.00e+00h  1
iter    objective    inf_pr   inf_du lg(mu)  ||d||  lg(rg) alpha_du alpha_pr  ls
 430  2.2737558e+04 4.79e-06 7.86e+01  -2.5 2.71e-06   7.5 1.00e+00 1.00e+00h  1
 431  2.2737558e+04 4.79e-06 7.86e+01  -2.5 4.76e-08   9.2 1.00e+00 1.00e+00h  1
 432  2.2737558e+04 4.79e-06 7.86e+01  -2.5 2.79e-10  11.4 1.00e+00 1.00e+00h  1
 433  2.2737558e+04 4.79e-06 7.86e+01  -2.5 2.51e-09  10.5 1.00e+00 1.00e+00h  1
 434  2.2737558e+04 4.79e-06 7.86e+01  -2.5 7.53e-09  10.0 1.00e+00 1.00e+00h  1
 435  2.2737558e+04 4.79e-06 7.86e+01  -2.5 1.06e-09  10.9 1.00e+00 1.00e+00h  1
 436  2.2737558e+04 4.79e-06 7.86e+01  -2.5 4.97e-11  12.2 1.00e+00 7.63e-06h 18
 437  2.2737558e+04 4.79e-06 7.86e+01  -2.5 4.47e-10  11.2 1.00e+00 1.00e+00h  1
 438  2.2737558e+04 4.79e-06 7.86e+01  -2.5 4.02e-09  10.3 1.00e+00 1.00e+00h  1
 439  2.2737558e+04 4.79e-06 7.86e+01  -2.5 1.51e-09  10.7 1.00e+00 1.00e+00h  1
iter    objective    inf_pr   inf_du lg(mu)  ||d||  lg(rg) alpha_du alpha_pr  ls
 440  2.2737558e+04 4.79e-06 7.86e+01  -2.5 2.12e-10  11.6 1.00e+00 1.00e+00h  1
 441  2.2737558e+04 4.79e-06 7.86e+01  -2.5 1.91e-09  10.6 1.00e+00 1.00e+00h  1
 442  2.2737558e+04 4.79e-06 7.86e+01  -2.5 1.72e-08   9.7 1.00e+00 1.00e+00h  1
 443  2.2737558e+04 4.79e-06 7.86e+01  -2.5 1.55e-07   8.7 1.00e+00 1.00e+00h  1
 444  2.2737558e+04 4.79e-06 7.86e+01  -2.5 2.17e-08   9.6 1.00e+00 1.00e+00h  1
 445  2.2737558e+04 4.79e-06 7.86e+01  -2.5 6.52e-08   9.1 1.00e+00 1.00e+00h  1
 446  2.2737558e+04 4.79e-06 7.86e+01  -2.5 7.34e-08   9.0 1.00e+00 1.00e+00h  1
 447  2.2737558e+04 4.79e-06 7.86e+01  -2.5 8.26e-08   9.0 1.00e+00 1.00e+00h  1
 448  2.2737557e+04 4.79e-06 7.86e+01  -2.5 7.43e-07   8.0 1.00e+00 1.00e+00h  1
 449  2.2737556e+04 4.79e-06 7.86e+01  -2.5 6.69e-06   7.1 1.00e+00 1.00e+00h  1
iter    objective    inf_pr   inf_du lg(mu)  ||d||  lg(rg) alpha_du alpha_pr  ls
 450  2.2737541e+04 4.79e-06 7.86e+01  -2.5 6.02e-05   6.1 1.00e+00 1.00e+00f  1
 451  2.2737523e+04 4.79e-06 7.86e+01  -2.5 6.77e-05   6.1 1.00e+00 1.00e+00f  1
 452  2.2737472e+04 4.79e-06 7.86e+01  -2.5 2.03e-04   5.6 1.00e+00 1.00e+00f  1
 453  2.2737453e+04 4.79e-06 7.86e+01  -2.5 7.62e-05   6.0 1.00e+00 1.00e+00f  1
 454  2.2737446e+04 4.79e-06 7.86e+01  -2.5 2.86e-05   6.4 1.00e+00 1.00e+00f  1
 455  2.2737443e+04 4.79e-06 7.86e+01  -2.5 1.07e-05   6.9 1.00e+00 1.00e+00h  1
 456  2.2737440e+04 4.79e-06 7.86e+01  -2.5 1.21e-05   6.8 1.00e+00 1.00e+00h  1
 457  2.2737440e+04 4.79e-06 7.86e+01  -2.5 2.65e-08   9.5 1.00e+00 1.00e+00h  1
 458  2.2737440e+04 4.79e-06 7.86e+01  -2.5 1.24e-09  10.8 1.00e+00 1.00e+00h  1
 459  2.2737440e+04 4.79e-06 7.86e+01  -2.5 3.72e-09  10.3 1.00e+00 1.00e+00h  1
iter    objective    inf_pr   inf_du lg(mu)  ||d||  lg(rg) alpha_du alpha_pr  ls
 460  2.2737440e+04 4.79e-06 7.86e+01  -2.5 3.35e-08   9.4 1.00e+00 1.00e+00h  1
 461  2.2737440e+04 4.79e-06 7.86e+01  -2.5 3.77e-08   9.3 1.00e+00 1.00e+00h  1
 462  2.2737440e+04 4.79e-06 7.86e+01  -2.5 5.30e-09  10.2 1.00e+00 1.00e+00h  1
 463  2.2737440e+04 4.79e-06 7.86e+01  -2.5 4.77e-08   9.2 1.00e+00 1.00e+00h  1
 464  2.2737440e+04 4.79e-06 7.86e+01  -2.5 5.37e-08   9.2 1.00e+00 1.00e+00h  1
 465  2.2737440e+04 4.79e-06 7.86e+01  -2.5 4.83e-07   8.2 1.00e+00 1.00e+00h  1
 466  2.2737440e+04 4.79e-06 7.86e+01  -2.5 8.49e-09  10.0 1.00e+00 1.00e+00h  1
 467  2.2737440e+04 4.79e-06 7.86e+01  -2.5 3.18e-09  10.4 1.00e+00 1.00e+00h  1
 468  2.2737440e+04 4.79e-06 7.86e+01  -2.5 1.19e-09  10.8 1.00e+00 1.00e+00h  1
 469  2.2737440e+04 4.79e-06 7.86e+01  -2.5 1.07e-08   9.9 1.00e+00 1.00e+00h  1
iter    objective    inf_pr   inf_du lg(mu)  ||d||  lg(rg) alpha_du alpha_pr  ls
 470  2.2737440e+04 4.79e-06 7.86e+01  -2.5 9.67e-08   8.9 1.00e+00 1.00e+00h  1
 471  2.2737440e+04 4.79e-06 7.86e+01  -2.5 1.36e-08   9.8 1.00e+00 1.00e+00h  1
 472  2.2737440e+04 4.79e-06 7.86e+01  -2.5 1.22e-07   8.8 1.00e+00 1.00e+00h  1
 473  2.2737439e+04 4.79e-06 7.86e+01  -2.5 1.10e-06   7.9 1.00e+00 1.00e+00h  1
 474  2.2737437e+04 4.79e-06 7.86e+01  -2.5 9.92e-06   6.9 1.00e+00 1.00e+00h  1
 475  2.2737429e+04 4.79e-06 7.86e+01  -2.5 2.97e-05   6.4 1.00e+00 1.00e+00f  1
 476  2.2737362e+04 4.79e-06 7.86e+01  -2.5 2.68e-04   5.5 1.00e+00 1.00e+00f  1
 477  2.2737336e+04 4.79e-06 7.86e+01  -2.5 1.00e-04   5.9 1.00e+00 1.00e+00f  1
 478  2.2737108e+04 4.78e-06 7.86e+01  -2.5 9.04e-04   4.9 1.00e+00 1.00e+00f  1
 479  2.2735052e+04 4.78e-06 7.86e+01  -2.5 8.13e-03   4.0 1.00e+00 1.00e+00f  1
iter    objective    inf_pr   inf_du lg(mu)  ||d||  lg(rg) alpha_du alpha_pr  ls
 480  2.2735047e+04 4.78e-06 7.86e+01  -2.5 1.79e-05   6.6 1.00e+00 1.00e+00h  1
 481  2.2735007e+04 4.78e-06 7.86e+01  -2.5 1.61e-04   5.7 1.00e+00 1.00e+00f  1
 482  2.2734885e+04 4.78e-06 7.86e+01  -2.5 4.82e-04   5.2 1.00e+00 1.00e+00f  1
 483  2.2733787e+04 4.78e-06 7.86e+01  -2.5 4.34e-03   4.3 1.00e+00 1.00e+00f  1
 484  2.2732552e+04 4.78e-06 7.86e+01  -2.5 4.88e-03   4.2 1.00e+00 1.00e+00f  1
 485  2.2731163e+04 4.78e-06 7.86e+01  -2.5 5.49e-03   4.2 1.00e+00 1.00e+00f  1
 486  2.2729601e+04 4.78e-06 7.86e+01  -2.5 6.18e-03   4.1 1.00e+00 1.00e+00f  1
 487  2.2729382e+04 4.78e-06 7.86e+01  -2.5 8.69e-04   5.0 1.00e+00 1.00e+00f  1
 488  2.2727405e+04 4.78e-06 7.86e+01  -2.5 7.82e-03   4.0 1.00e+00 1.00e+00f  1
 489  2.2709634e+04 4.77e-06 7.85e+01  -2.5 7.03e-02   3.0 1.00e+00 1.00e+00f  1
iter    objective    inf_pr   inf_du lg(mu)  ||d||  lg(rg) alpha_du alpha_pr  ls
 490  2.2709321e+04 4.77e-06 7.85e+01  -2.5 1.24e-03   4.8 1.00e+00 1.00e+00f  1
 491  2.2709307e+04 4.77e-06 7.85e+01  -2.5 5.80e-05   6.1 1.00e+00 1.00e+00f  1
 492  2.2709175e+04 4.77e-06 7.85e+01  -2.5 5.22e-04   5.2 1.00e+00 1.00e+00f  1
 493  2.2709027e+04 4.77e-06 7.85e+01  -2.5 5.87e-04   5.1 1.00e+00 1.00e+00f  1
 494  2.2708582e+04 4.77e-06 7.85e+01  -2.5 1.76e-03   4.6 1.00e+00 1.00e+00f  1
 495  2.2708082e+04 4.77e-06 7.85e+01  -2.5 1.98e-03   4.6 1.00e+00 1.00e+00f  1
 496  2.2707519e+04 4.77e-06 7.85e+01  -2.5 2.23e-03   4.5 1.00e+00 1.00e+00f  1
 497  2.2702458e+04 4.76e-06 7.85e+01  -2.5 2.00e-02   3.6 1.00e+00 1.00e+00f  1
 498  2.2701746e+04 4.76e-06 7.85e+01  -2.5 2.82e-03   4.4 1.00e+00 1.00e+00f  1
 499  2.2695343e+04 4.76e-06 7.85e+01  -2.5 2.54e-02   3.5 1.00e+00 1.00e+00f  1
iter    objective    inf_pr   inf_du lg(mu)  ||d||  lg(rg) alpha_du alpha_pr  ls
 500  2.2695231e+04 4.76e-06 7.85e+01  -2.5 4.46e-04   5.2 1.00e+00 1.00e+00f  1
 501  2.2694893e+04 4.76e-06 7.85e+01  -2.5 1.34e-03   4.8 1.00e+00 1.00e+00f  1
 502  2.2694513e+04 4.76e-06 7.85e+01  -2.5 1.50e-03   4.7 1.00e+00 1.00e+00f  1
 503  2.2694086e+04 4.76e-06 7.85e+01  -2.5 1.69e-03   4.7 1.00e+00 1.00e+00f  1
 504  2.2693926e+04 4.76e-06 7.85e+01  -2.5 6.35e-04   5.1 1.00e+00 1.00e+00f  1
 505  2.2693746e+04 4.76e-06 7.85e+01  -2.5 7.14e-04   5.0 1.00e+00 1.00e+00f  1
 506  2.2693543e+04 4.76e-06 7.85e+01  -2.5 8.03e-04   5.0 1.00e+00 1.00e+00f  1
 507  2.2691718e+04 4.76e-06 7.84e+01  -2.5 7.23e-03   4.0 1.00e+00 1.00e+00f  1
 508  2.2675314e+04 5.88e-06 7.84e+01  -2.5 6.50e-02   3.1 1.00e+00 1.00e+00f  1
 509  2.2666694e+04 7.56e-02 3.52e+03  -2.5 2.71e+01   2.1 1.00e+00 1.25e-01f  4
iter    objective    inf_pr   inf_du lg(mu)  ||d||  lg(rg) alpha_du alpha_pr  ls
 510  2.2232983e+04 1.97e-02 2.34e+04  -2.5 1.74e+00   1.6 1.00e+00 1.00e+00f  1
 511  2.2093567e+04 6.32e-03 5.14e+03  -3.8 8.74e-01   2.1 1.00e+00 8.71e-01f  1
 512  2.2070906e+04 1.18e-03 2.10e+02  -3.8 4.08e-01   2.9 1.00e+00 1.00e+00f  1
 513  2.2067854e+04 2.40e-04 1.25e+04  -5.7 1.18e-01   3.8 8.59e-01 9.50e-01f  1
 514  2.2064277e+04 1.43e-04 1.32e+05  -5.7 1.20e-01   3.7 7.33e-02 1.00e+00f  1
 515  2.2063775e+04 5.24e-05 1.48e+05  -5.7 1.86e-02   4.6 3.38e-01 1.00e+00f  1
 516  2.2063210e+04 4.47e-05 3.54e+03  -5.7 2.28e-02   4.5 2.67e-01 1.00e+00f  1
 517  2.2063133e+04 4.32e-05 3.12e+03  -5.7 2.60e-02   4.5 3.93e-01 1.21e-01f  1
 518  2.2057496e+04 9.84e-05 4.52e+02  -5.7 1.29e-01   3.5 1.83e-01 1.00e+00f  1
 519  2.2056826e+04 8.53e-05 4.29e+02  -5.7 1.17e-01   3.5 1.00e+00 1.06e-01f  1
iter    objective    inf_pr   inf_du lg(mu)  ||d||  lg(rg) alpha_du alpha_pr  ls
 520  2.2049779e+04 8.85e-05 7.48e+03  -5.7 1.40e-01   3.4 1.03e-03 1.00e+00f  1
 521  2.2041918e+04 1.44e-04 3.04e+02  -5.7 1.66e-01   3.4 9.83e-01 1.00e+00f  1
 522  2.2033055e+04 1.30e-04 1.42e+02  -5.7 1.07e-01   3.3 1.00e+00 1.00e+00f  1
 523  2.1952746e+04 9.52e-05 7.57e+01  -5.7 3.26e-01   2.4 1.00e+00 1.00e+00f  1
 524  2.1863033e+04 1.58e-04 7.53e+01  -5.7 3.66e-01   2.3 1.00e+00 1.00e+00f  1
 525  2.1829578e+04 3.05e-05 7.52e+01  -5.7 1.37e-01   2.7 1.00e+00 1.00e+00f  1
 526  2.1792126e+04 1.26e-04 7.51e+01  -5.7 1.54e-01   2.7 1.00e+00 1.00e+00f  1
 527  2.1750087e+04 2.13e-05 7.49e+01  -5.7 1.73e-01   2.6 1.00e+00 1.00e+00f  1
 528  2.1734340e+04 1.92e-05 7.49e+01  -8.6 6.47e-02   3.1 1.00e+00 1.00e+00f  1
 529  2.1734248e+04 5.22e-06 1.01e+02  -8.6 5.10e-04   5.3 1.00e+00 1.00e+00f  1
iter    objective    inf_pr   inf_du lg(mu)  ||d||  lg(rg) alpha_du alpha_pr  ls
 530  2.1734248e+04 5.22e-06 1.55e+02  -8.6 2.15e-07   8.9 1.00e+00 1.00e+00h  1
 531  2.1734248e+04 5.22e-06 2.09e+02  -8.6 4.08e-08   9.7 1.00e+00 1.00e+00h  1
 532  2.1734248e+04 5.22e-06 2.63e+02  -8.6 1.92e-08  10.1 1.00e+00 1.00e+00h  1
 533  2.1734248e+04 5.22e-06 3.16e+02  -8.6 6.96e-08   9.7 1.00e+00 1.00e+00h  1
 534  2.1734248e+04 5.22e-06 3.70e+02  -8.6 7.33e-07   8.7 1.00e+00 1.00e+00h  1
 535  2.1734248e+04 5.21e-06 4.24e+02  -8.6 7.56e-06   7.7 1.00e+00 1.00e+00h  1
 536  2.1734247e+04 5.21e-06 4.78e+02  -8.6 2.56e-05   7.3 1.00e+00 1.00e+00h  1
 537  2.1734238e+04 5.13e-06 5.31e+02  -8.6 2.55e-04   6.3 1.00e+00 1.00e+00h  1
 538  2.1734228e+04 5.03e-06 5.82e+02  -8.6 3.15e-04   6.3 1.00e+00 1.00e+00f  1
 539  2.1734139e+04 4.15e-06 6.16e+02  -8.6 3.00e-03   5.3 1.00e+00 1.00e+00f  1
iter    objective    inf_pr   inf_du lg(mu)  ||d||  lg(rg) alpha_du alpha_pr  ls
 540  2.1733337e+04 3.99e-06 5.32e+02  -8.6 2.30e-02   4.4 1.00e+00 1.00e+00f  1
 541  2.1735500e+04 2.27e-06 9.99e+09  -8.6 4.74e-01   5.7 5.01e-06 1.00e+00h  1
 542r 2.1735500e+04 2.27e-06 1.00e+03  -5.8 0.00e+00   6.5 0.00e+00 3.16e-07R 14
 543r 2.1735491e+04 6.98e-07 4.69e+02  -5.8 8.86e+00  -4.0 1.00e+00 1.21e-03f  1
 544  2.1735475e+04 8.44e-08 7.49e+01  -8.6 6.49e-05   6.1 1.00e+00 1.00e+00f  1
 545  2.1735333e+04 8.29e-08 7.49e+01  -8.6 5.84e-04   5.1 1.00e+00 1.00e+00f  1
 546  2.1734050e+04 6.72e-08 7.48e+01  -8.6 5.25e-03   4.2 1.00e+00 1.00e+00f  1
 547  2.1730202e+04 6.52e-08 7.48e+01  -8.6 1.58e-02   3.7 1.00e+00 1.00e+00f  1
 548  2.1695652e+04 7.46e-08 7.47e+01  -8.6 1.42e-01   2.7 1.00e+00 1.00e+00f  1
 549  2.1656913e+04 4.40e-08 7.46e+01  -8.6 1.59e-01   2.7 1.00e+00 1.00e+00f  1
iter    objective    inf_pr   inf_du lg(mu)  ||d||  lg(rg) alpha_du alpha_pr  ls
 550  2.1316366e+04 2.72e-07 7.33e+01  -8.6 1.41e+00   1.7 1.00e+00 1.00e+00f  1
 551  2.0945646e+04 2.78e-07 7.18e+01  -8.6 1.55e+00   1.7 1.00e+00 1.00e+00f  1
 552  2.0894138e+04 1.71e-07 7.16e+01  -8.6 2.17e-01   2.5 1.00e+00 1.00e+00f  1
 553  2.0741434e+04 2.08e-07 7.10e+01  -8.6 6.47e-01   2.0 1.00e+00 1.00e+00f  1
 554  2.0572287e+04 2.51e-07 7.04e+01  -8.6 7.21e-01   2.0 1.00e+00 1.00e+00f  1
 555  2.0509392e+04 2.66e-07 7.01e+01  -8.6 2.69e-01   2.4 1.00e+00 1.00e+00f  1
 556  2.0485882e+04 2.71e-07 7.00e+01  -8.6 1.01e-01   2.8 1.00e+00 1.00e+00f  1
 557  2.0415744e+04 2.89e-07 6.98e+01  -8.6 3.02e-01   2.4 1.00e+00 1.00e+00f  1
 558  2.0337415e+04 3.08e-07 6.95e+01  -8.6 3.38e-01   2.3 1.00e+00 1.00e+00f  1
 559  1.9667709e+04 7.65e-07 6.68e+01  -8.6 2.92e+00   1.4 1.00e+00 1.00e+00f  1
iter    objective    inf_pr   inf_du lg(mu)  ||d||  lg(rg) alpha_du alpha_pr  ls
 560  1.9381859e+04 7.31e-07 6.57e+01  -8.6 7.84e+00   0.9 1.66e-01 1.60e-01f  1
 561  1.8700983e+04 6.74e-07 6.28e+01  -8.6 3.09e+00   1.3 1.00e+00 1.00e+00f  1
 562  1.8576905e+04 6.40e-07 6.23e+01  -8.6 8.20e+00   0.8 2.32e-01 6.86e-02f  1
 563  1.4516780e+04 2.03e-05 5.52e+01  -8.6 1.99e+01   0.4 1.00e+00 1.00e+00f  1
 564  1.4484941e+04 2.02e-05 5.49e+01  -8.6 2.92e+01  -0.1 2.25e-02 5.05e-03f  1
 565  1.1701168e+04 1.49e-05 3.18e+01  -8.6 1.58e+01   0.3 1.00e+00 1.00e+00f  1
 566  1.1658036e+04 1.18e-07 3.15e+01  -8.6 2.76e-01   2.1 1.00e+00 1.00e+00f  1
 567  1.1641939e+04 1.54e-07 3.14e+01  -8.6 1.03e-01   2.5 1.00e+00 1.00e+00f  1
 568  1.1594052e+04 2.69e-07 3.12e+01  -8.6 3.07e-01   2.0 1.00e+00 1.00e+00f  1
 569  1.1527209e+04 1.43e-07 3.08e+01  -8.6 9.00e-01   1.5 5.10e-01 4.76e-01f  1
iter    objective    inf_pr   inf_du lg(mu)  ||d||  lg(rg) alpha_du alpha_pr  ls
 570  1.1474711e+04 1.67e-07 3.06e+01  -8.6 3.39e-01   2.0 1.00e+00 1.00e+00f  1
 571  1.1443341e+04 1.33e-07 3.04e+01  -8.6 9.90e-01   1.5 8.41e-01 2.04e-01f  1
 572  1.1351839e+04 1.08e-07 1.37e+02  -8.6 2.81e+00   1.0 1.00e+00 2.06e-01f  1
 573  1.1345032e+04 1.07e-07 2.20e+05  -8.6 7.25e+00   0.5 2.28e-01 5.64e-03f  1
 574  1.0616915e+04 2.99e-06 6.93e+05  -8.6 1.61e+01   0.0 1.00e+00 2.51e-01f  1
In iteration 574, 1 Slack too small, adjusting variable bound
 575  1.0592969e+04 2.98e-06 9.00e+05  -8.6 2.61e+01  -0.4 1.00e+00 4.30e-03f  1
 576  1.0465293e+04 2.96e-06 9.34e+05  -8.6 1.56e+01  -0.0 1.00e+00 4.47e-02f  1
 577  1.0121067e+04 4.05e-06 7.64e+05  -8.6 2.78e+01  -0.5 1.00e+00 5.98e-02f  1
In iteration 577, 1 Slack too small, adjusting variable bound
 578  9.6666527e+03 5.82e-06 3.16e+05  -8.6 4.92e+01  -1.0 9.56e-01 4.89e-02f  1
In iteration 578, 1 Slack too small, adjusting variable bound
 579  9.6665647e+03 5.82e-06 1.14e+06  -8.6 7.80e+00   0.4 2.01e-01 7.16e-05f  1
In iteration 579, 1 Slack too small, adjusting variable bound
iter    objective    inf_pr   inf_du lg(mu)  ||d||  lg(rg) alpha_du alpha_pr  ls
 580  9.6655575e+03 5.82e-06 1.69e+07  -8.6 1.63e+01  -0.1 1.00e+00 3.43e-04f  1
 581  8.4072127e+03 1.22e-05 1.60e+07  -8.6 8.53e+00   0.3 5.13e-02 1.00e+00f  1
In iteration 581, 1 Slack too small, adjusting variable bound
 582  8.3689946e+03 1.10e-05 5.05e+07  -8.6 2.83e+00   0.7 3.57e-01 1.00e-01f  1
In iteration 582, 2 Slacks too small, adjusting variable bounds
 583  8.3390279e+03 8.61e-06 2.26e+08  -8.6 1.59e+00   1.2 1.00e+00 2.17e-01f  1
In iteration 583, 2 Slacks too small, adjusting variable bounds
 584  7.9269526e+03 2.21e-06 5.96e+07  -8.6 3.07e+00   0.7 6.90e-01 1.00e+00f  1
In iteration 584, 2 Slacks too small, adjusting variable bounds
 585  6.9505644e+03 1.93e-05 1.10e+01  -8.6 6.67e+00   0.2 1.00e+00 1.00e+00f  1
In iteration 585, 2 Slacks too small, adjusting variable bounds
 586  5.2839545e+03 1.18e-04 1.82e+06  -8.6 1.45e+01  -0.3 5.30e-01 1.00e+00f  1
In iteration 586, 2 Slacks too small, adjusting variable bounds
 587  3.2809283e+03 9.01e-04 6.52e+06  -8.6 2.30e+01  -0.7 6.61e-01 1.00e+00f  1
In iteration 587, 2 Slacks too small, adjusting variable bounds
 588  1.5509291e+03 2.96e-03 9.72e+06  -8.6 3.80e+01  -1.2 1.92e-01 1.00e+00f  1
In iteration 588, 2 Slacks too small, adjusting variable bounds
 589  1.2183660e+03 2.51e-04 1.22e+07  -8.6 1.62e+01  -0.8 2.20e-01 1.00e+00f  1
In iteration 589, 2 Slacks too small, adjusting variable bounds
iter    objective    inf_pr   inf_du lg(mu)  ||d||  lg(rg) alpha_du alpha_pr  ls
 590  7.0688137e+02 4.71e-04 1.73e+00  -8.6 2.35e+01  -1.3 1.00e+00 1.00e+00f  1
In iteration 590, 2 Slacks too small, adjusting variable bounds
 591  2.6755821e+02 8.28e-04 1.49e+06  -8.6 3.10e+01  -1.7 1.55e-01 1.00e+00f  1
In iteration 591, 2 Slacks too small, adjusting variable bounds
 592  8.1018905e+01 1.61e-03 6.87e-01  -8.6 2.98e+01  -2.2 1.00e+00 1.00e+00f  1
In iteration 592, 2 Slacks too small, adjusting variable bounds
 593  2.6281754e+01 4.93e-03 1.10e+05  -8.6 2.63e+01  -2.7 7.06e-01 1.00e+00f  1
In iteration 593, 2 Slacks too small, adjusting variable bounds
 594  1.4150395e+01 2.64e-03 9.35e+03  -8.6 2.45e+01  -3.2 7.59e-01 5.01e-01f  1
 595  9.1669124e-01 7.94e-03 2.94e-01  -8.6 2.77e+01  -3.7 1.00e+00 1.00e+00f  1
 596  2.1447703e-01 2.68e-04 4.36e-02  -8.6 5.21e+00  -3.2 1.00e+00 1.00e+00f  1
 597  1.1954255e-02 1.32e-04 1.18e-01  -8.6 3.82e+00  -3.7 1.00e+00 1.00e+00f  1
 598  2.4777290e-03 1.58e-05 3.32e+02  -8.6 1.14e+00  -4.2 6.37e-01 1.00e+00h  1
 599  3.0870513e-06 1.27e-05 6.91e+01  -8.6 2.87e-01  -4.7 8.39e-01 1.00e+00h  1
iter    objective    inf_pr   inf_du lg(mu)  ||d||  lg(rg) alpha_du alpha_pr  ls
 600  4.1948866e-08 1.45e-08 1.12e+02  -8.6 9.33e-03  -4.2 3.86e-01 1.00e+00h  1
 601  5.1012175e-12 1.06e-10 3.13e+01  -8.6 1.25e-03  -4.7 5.79e-01 1.00e+00h  1
 602  1.7182404e-15 5.20e-11 1.22e+01  -8.6 1.85e-03  -5.2 5.97e-01 1.00e+00h  1
 603  2.3720160e-12 1.79e-11 5.10e+00  -8.6 6.41e-04  -4.3 5.88e-01 1.00e+00h  1
 604  4.1362574e-12 7.56e-12 1.91e+00  -8.6 9.33e-04  -4.4 6.20e-01 1.00e+00h  1
 605  8.0528439e-12 2.17e-08 1.26e+00  -8.6 2.48e-02  -4.4 1.66e-01 1.00e+00h  1
 606  1.7940616e-11 2.62e-12 8.34e-08  -8.6 3.20e-04  -3.6 1.00e+00 1.00e+00h  1
 607  1.8779178e-11 2.35e-12 8.22e-08  -8.6 3.54e-04  -3.6 1.00e+00 1.00e+00h  1
 608  1.5841778e-11 4.66e-05 2.12e-05  -8.6 5.32e+00  -3.7 1.00e+00 1.00e+00H  1
 609  1.5680298e-11 3.29e-12 7.43e-08  -8.6 5.07e-05  -2.8 1.00e+00 1.00e+00h  1
iter    objective    inf_pr   inf_du lg(mu)  ||d||  lg(rg) alpha_du alpha_pr  ls
 610  1.5645076e-11 2.26e-12 7.42e-08  -8.6 7.12e-06  -2.0 1.00e+00 1.00e+00h  1
 611  1.5231114e-11 2.44e-12 7.32e-08  -8.6 6.32e-05  -2.9 1.00e+00 1.00e+00h  1
 612  1.4772549e-11 2.31e-12 6.29e-07  -8.6 7.00e-05  -3.0 1.00e+00 1.00e+00h  1
 613  1.4279218e-11 2.21e-12 7.08e-08  -8.6 7.74e-05  -3.0 1.00e+00 1.00e+00h  1
 614  1.0746215e-11 2.53e-12 5.51e-06  -8.6 6.04e-04  -4.0 1.00e+00 1.00e+00h  1
 615  1.0682495e-11 2.33e-12 6.13e-08  -8.6 8.48e-05  -3.1 1.00e+00 1.00e+00h  1
 616  1.0329838e-11 2.52e-12 2.38e-07  -8.6 9.38e-05  -3.2 1.00e+00 1.00e+00h  1
 617  7.6964486e-12 2.06e-12 5.20e-08  -8.6 7.28e-04  -4.1 1.00e+00 1.00e+00h  1
 618  6.1646199e-12 2.02e-12 4.66e-08  -8.6 7.34e-04  -4.2 1.00e+00 1.00e+00h  1
 619  5.0035457e-12 2.88e-12 4.41e-06  -8.6 7.44e-04  -4.2 1.00e+00 1.00e+00h  1
iter    objective    inf_pr   inf_du lg(mu)  ||d||  lg(rg) alpha_du alpha_pr  ls
 620  5.0035473e-12 2.63e-12 4.42e-08  -8.6 3.36e-11   3.1 1.00e+00 1.00e+00h  1
 621  5.0035618e-12 2.46e-12 4.42e-08  -8.6 3.03e-10   2.2 1.00e+00 1.00e+00h  1
 622  5.0035618e-12 2.46e-12 8.53e-07  -8.6 1.77e-12   4.4 1.00e+00 3.12e-02h  6
 623  5.0035626e-12 2.61e-12 4.42e-08  -8.6 1.60e-11   3.4 1.00e+00 1.00e+00s 22
 624  5.0035626e-12 1.87e-12 4.42e-08  -8.6 7.50e-13   4.8 1.00e+00 0.00e+00S 22
 625  5.0035627e-12 1.87e-12 4.42e-08  -8.6 6.73e-12   3.8 1.00e+00 2.50e-01h  3
 626  5.0035634e-12 1.87e-12 4.42e-08  -8.6 6.06e-11   2.9 1.00e+00 2.50e-01h  3
 627  5.0035636e-12 1.87e-12 4.42e-08  -8.6 8.53e-12   3.7 1.00e+00 5.00e-01h  2
 628  5.0035639e-12 1.87e-12 4.42e-08  -8.6 9.59e-12   3.7 1.00e+00 5.00e-01h  2
 629  5.0035639e-12 1.87e-12 4.42e-08  -8.6 3.60e-12   4.1 1.00e+00 3.12e-02h  6
iter    objective    inf_pr   inf_du lg(mu)  ||d||  lg(rg) alpha_du alpha_pr  ls
 630  5.0035642e-12 1.87e-12 4.42e-08  -8.6 1.08e-11   3.6 1.00e+00 5.00e-01h  2
 631  5.0035654e-12 1.87e-12 4.42e-08  -8.6 9.71e-11   2.7 1.00e+00 2.50e-01h  3
 632  5.0035726e-12 1.87e-12 4.42e-08  -8.6 2.91e-10   2.2 1.00e+00 5.00e-01h  2
 633  5.0393317e-12 1.87e-12 7.28e-05  -8.6 5.75e-06   1.7 1.00e+00 2.50e-01h  3
 634  5.0394877e-12 1.87e-12 7.28e-05  -8.6 2.53e-08   3.5 1.00e+00 1.25e-01h  4

Number of Iterations....: 634

                                   (scaled)                 (unscaled)
Objective...............:   5.0394877250812449e-12    5.0394877250812449e-12
Dual infeasibility......:   7.2802248270443292e-05    7.2802248270443292e-05
Constraint violation....:   1.3372643541221695e-12    1.8721700957710372e-12
Variable bound violation:   7.3255478127975948e-07    7.3255478127975948e-07
Complementarity.........:   2.5059039839121943e-09    2.5059039839121943e-09
Overall NLP error.......:   8.3999558674710782e-07    7.2802248270443292e-05


Number of objective function evaluations             = 849
Number of objective gradient evaluations             = 622
Number of equality constraint evaluations            = 849
Number of inequality constraint evaluations          = 849
Number of equality constraint Jacobian evaluations   = 651
Number of inequality constraint Jacobian evaluations = 651
Number of Lagrangian Hessian evaluations             = 634
Total seconds in IPOPT                               = 14.031

EXIT: Solved To Acceptable Level.

============================================================
solver: ipopt
max_mass_slack: 3.358240e-07 Nm³/s
sum_sq_slack:   5.039488e-12
bound_violations: 0
VERDICT: FEASIBLE (point found)
============================================================
  P[sink_88] = 40.995 bar
  P[sink_83] = 41.005 bar
  P[sink_108] = 40.988 bar
  P[sink_122] = 74.013 bar
  P[sink_125] = 63.468 bar
  P[sink_109] = 51.013 bar
  P[source_1] = 74.013 bar
  P[source_14] = 63.468 bar
  P[source_13] = 63.468 bar
  P[source_10] = 74.013 bar
